#
# A fatal error has been detected by the Java Runtime Environment:
#
#  EXCEPTION_ACCESS_VIOLATION (0xc0000005) at pc=0x00007ffcf45fdd9a, pid=2276, tid=17724
#
# JRE version: Java(TM) SE Runtime Environment (17.0.3.1+2) (build 17.0.3.1+2-LTS-6)
# Java VM: Java HotSpot(TM) 64-Bit Server VM (17.0.3.1+2-LTS-6, mixed mode, sharing, tiered, compressed oops, compressed class ptrs, g1 gc, windows-amd64)
# Problematic frame:
# V  [jvm.dll+0x73dd9a]
#
# No core dump will be written. Minidumps are not enabled by default on client versions of Windows
#
# If you would like to submit a bug report, please visit:
#   https://bugreport.java.com/bugreport/crash.jsp
#

---------------  S U M M A R Y ------------

Command Line: -XX:+ShowCodeDetailsInExceptionMessages -agentlib:jdwp=transport=dt_socket,suspend=y,address=localhost:62767 -javaagent:D:\Users\llin0\eclipse\jee-2021-12\eclipse\configuration\org.eclipse.osgi\421\0\.cp\lib\javaagent-shaded.jar -Dfile.encoding=UTF-8 org.llin.demo.northwind.NorthwindApplication

Host: Intel(R) Core(TM) i5-9400F CPU @ 2.90GHz, 6 cores, 7G,  Windows 10 , 64 bit Build 19041 (10.0.19041.1889)
Time: Sat Nov  5 19:13:52 2022 Eastern Daylight Time elapsed time: 53.300403 seconds (0d 0h 0m 53s)

---------------  T H R E A D  ---------------

Current thread (0x000001d2cc131720):  JavaThread "JDWP Transport Listener: dt_socket" daemon [_thread_in_vm, id=17724, stack(0x0000004ed0100000,0x0000004ed0200000)]

Stack: [0x0000004ed0100000,0x0000004ed0200000],  sp=0x0000004ed01ff450,  free space=1021k
Native frames: (J=compiled Java code, j=interpreted, Vv=VM code, C=native code)
V  [jvm.dll+0x73dd9a]
V  [jvm.dll+0x5050bc]
V  [jvm.dll+0x4d09d4]
C  [jdwp.dll+0x22e9f]


siginfo: EXCEPTION_ACCESS_VIOLATION (0xc0000005), reading address 0x0000000001260021


Register to memory mapping:

RIP=0x00007ffcf45fdd9a jvm.dll
RAX=0x0000000000000125 is an unknown value
RBX=0x000001d2cb3947fc points into unknown readable memory: 61 73 65 4f
RCX=0x000000000126001d is an unknown value
RDX=0x000001d2cfa62410 points into unknown readable memory: 0x696c6c2f67726f4c | 4c 6f 72 67 2f 6c 6c 69
RSP=0x0000004ed01ff450 is pointing into the stack for thread: 0x000001d2cc131720
RBP=0x000001d2cc122ea0 points into unknown readable memory: 0x0000000000000002 | 02 00 00 00 00 00 00 00
RSI=0x0 is NULL
RDI=0xffffffffffffffff is an unknown value
R8 =0x0000000000000012 is an unknown value
R9 =0x000000000000003e is an unknown value
R10=0x0 is NULL
R11=0x0000004ed01ff470 is pointing into the stack for thread: 0x000001d2cc131720
R12=0x0000004ed01ff5a8 is pointing into the stack for thread: 0x000001d2cc131720
R13=0x0 is NULL
R14=0x0000000800ca4a60 is a pointer to class: 
org.llin.demo.northwind.BaseObjectsLoader {0x0000000800ca4a68}
 - instance size:     4
 - klass size:        67
 - access:            public synchronized 
 - state:             fully_initialized
 - name:              'org/llin/demo/northwind/BaseObjectsLoader'
 - super:             'java/lang/Object'
 - sub:               
 - arrays:            NULL
 - methods:           Array<T>(0x000001d2d467a508)
 - method ordering:   Array<T>(0x000001d2d467ae10)
 - default_methods:   Array<T>(0x0000000000000000)
 - local interfaces:  Array<T>(0x00000008005cf800)
 - trans. interfaces: Array<T>(0x00000008005cf800)
 - constants:         constant pool [301] {0x000001d2d467b1d0} for 'org/llin/demo/northwind/BaseObjectsLoader' cache=0x000001d2d48093c8
 - class loader data:  loader data: 0x000001d2ccd5db00 for instance a 'org/springframework/boot/devtools/restart/classloader/RestartClassLoader'{0x0000000081a375e0}
 - source file:       'BaseObjectsLoader.java'
 - source debug extension:       SMAP
BaseObjectsLoader.java
Java
*S jdt
*F
1 BaseObjectsLoader.java
2 file:/D:/Documents/eclipse-workspace/northwind-frontend/target/classes/
*L
*E

 - class annotations:       Array<T>(0x000001d2d467ade0)
 - class type annotations:  Array<T>(0x0000000000000000)
 - field annotations:       Array<T>(0x000001d2d467a420)
 - field type annotations:  Array<T>(0x0000000000000000)
 - previous version:  constant pool [301] {0x000001d2d2a54008} for 'org/llin/demo/northwind/BaseObjectsLoader' (extra) cache=0x000001d2d40c39b8
 - generic signature: '
[error occurred during error reporting (printing register info), id 0xc0000005, EXCEPTION_ACCESS_VIOLATION (0xc0000005) at pc=0x00007ffcf45fe9a6]

Registers:
RAX=0x0000000000000125, RBX=0x000001d2cb3947fc, RCX=0x000000000126001d, RDX=0x000001d2cfa62410
RSP=0x0000004ed01ff450, RBP=0x000001d2cc122ea0, RSI=0x0000000000000000, RDI=0xffffffffffffffff
R8 =0x0000000000000012, R9 =0x000000000000003e, R10=0x0000000000000000, R11=0x0000004ed01ff470
R12=0x0000004ed01ff5a8, R13=0x0000000000000000, R14=0x0000000800ca4a60, R15=0x0000004ed01ff5f8
RIP=0x00007ffcf45fdd9a, EFLAGS=0x0000000000010206

Top of Stack: (sp=0x0000004ed01ff450)
0x0000004ed01ff450:   0000000000000029 0000000800ca4a60
0x0000004ed01ff460:   000001d2cc131720 0000000000000000
0x0000004ed01ff470:   ffffffffffffffff 00007ffcf43c50bc
0x0000004ed01ff480:   000001d2cb3947fc 000001d2cb3947d0
0x0000004ed01ff490:   000001d2cc122ea0 000001d2cf562b40
0x0000004ed01ff4a0:   000001d2cb394790 00000000000003d8
0x0000004ed01ff4b0:   000001d2cb3947a0 000001d2cb394b78
0x0000004ed01ff4c0:   0000000000000002 0000004ed01ff5a8
0x0000004ed01ff4d0:   0000000000000000 0000000000000000
0x0000004ed01ff4e0:   0000000081e165c8 00007ffcf43909d4
0x0000004ed01ff4f0:   000001d2cc131720 0000004ed01ff5f8
0x0000004ed01ff500:   000001d2ad6ad150 0000004ed01ff5f8
0x0000004ed01ff510:   000001d2cc131720 0000000000000000
0x0000004ed01ff520:   000001d200000000 0000000000000000
0x0000004ed01ff530:   000000000000000d 00007ffd3f222e9f
0x0000004ed01ff540:   0000004ed01ff5f0 00007ffd3f231830 

Instructions: (pc=0x00007ffcf45fdd9a)
0x00007ffcf45fdc9a:   48 83 c4 20 5f e9 4c 6e 96 ff cc cc cc cc cc cc
0x00007ffcf45fdcaa:   cc cc cc cc cc cc 48 89 5c 24 08 57 48 83 ec 20
0x00007ffcf45fdcba:   83 fa 02 8d 42 06 b9 08 00 00 00 49 8b d8 0f 4e
0x00007ffcf45fdcca:   c1 48 63 c8 48 83 c1 07 83 e1 f8 48 63 f9 49 8b
0x00007ffcf45fdcda:   48 18 48 8b c7 48 f7 d0 48 3b c1 73 16 4c 8d 05
0x00007ffcf45fdcea:   6a 4b 17 00 48 8b d7 48 8b cb e8 57 d1 96 ff 48
0x00007ffcf45fdcfa:   8b 4b 18 48 8d 04 39 48 3b 43 20 76 18 45 33 c0
0x00007ffcf45fdd0a:   48 8b d7 48 8b cb 48 8b 5c 24 30 48 83 c4 20 5f
0x00007ffcf45fdd1a:   e9 b1 cd 96 ff 48 89 43 18 48 8b c1 48 8b 5c 24
0x00007ffcf45fdd2a:   30 48 83 c4 20 5f c3 cc cc cc cc cc cc cc cc cc
0x00007ffcf45fdd3a:   cc cc cc cc cc cc 4c 8b d2 4c 8b d9 45 85 c0 7e
0x00007ffcf45fdd4a:   3c 44 0f b7 49 04 41 8d 40 ff 41 3b c1 44 0f 4c
0x00007ffcf45fdd5a:   c8 4d 63 c1 45 85 c9 7e 1f 48 8b c2 4c 2b da 49
0x00007ffcf45fdd6a:   8b d0 0f 1f 40 00 41 0f b6 4c 03 06 88 08 48 8d
0x00007ffcf45fdd7a:   40 01 48 83 ea 01 75 ee 43 c6 04 10 00 49 8b c2
0x00007ffcf45fdd8a:   c3 cc cc cc cc cc 48 89 5c 24 08 57 48 83 ec 20
0x00007ffcf45fdd9a:   0f b7 59 04 48 8b f9 33 d2 48 8d 4b 01 e8 14 96
0x00007ffcf45fddaa:   f8 ff 0f b7 57 04 4c 8b c0 3b da 0f 42 d3 44 8b
0x00007ffcf45fddba:   ca 85 d2 74 39 48 2b f8 0f 1f 40 00 66 66 0f 1f
0x00007ffcf45fddca:   84 00 00 00 00 00 0f b6 4c 07 06 88 08 48 ff c0
0x00007ffcf45fddda:   48 8b c8 49 2b c8 49 3b c9 7c eb 42 c6 04 02 00
0x00007ffcf45fddea:   49 8b c0 48 8b 5c 24 30 48 83 c4 20 5f c3 48 8b
0x00007ffcf45fddfa:   5c 24 30 c6 04 02 00 48 83 c4 20 5f c3 cc cc cc
0x00007ffcf45fde0a:   cc cc cc cc cc cc 4c 8b d1 45 85 c0 7e 6c 44 0f
0x00007ffcf45fde1a:   b7 49 04 41 8d 40 ff 41 3b c1 44 0f 4c c8 4d 63
0x00007ffcf45fde2a:   d9 45 85 c9 7e 22 48 8b ca 4c 2b d2 4d 8b c3 0f
0x00007ffcf45fde3a:   1f 80 00 00 00 00 41 0f b6 44 0a 06 88 01 48 8d
0x00007ffcf45fde4a:   49 01 49 83 e8 01 75 ee 41 c6 04 13 00 48 c7 c0
0x00007ffcf45fde5a:   ff ff ff ff 66 90 48 ff c0 80 3c 02 00 75 f7 48
0x00007ffcf45fde6a:   63 c8 85 c0 48 8b c2 7e 14 80 38 2f 75 03 c6 00
0x00007ffcf45fde7a:   2e 48 ff c0 48 83 e9 01 75 ef 48 8b c2 c3 cc cc
0x00007ffcf45fde8a:   cc cc cc cc cc cc 48 83 ec 28 e8 f7 fe ff ff 4c 


Stack slot to memory mapping:
stack at sp + 0 slots: 0x0000000000000029 is an unknown value
stack at sp + 1 slots: 0x0000000800ca4a60 is a pointer to class: 
org.llin.demo.northwind.BaseObjectsLoader {0x0000000800ca4a68}
 - instance size:     4
 - klass size:        67
 - access:            public synchronized 
 - state:             fully_initialized
 - name:              'org/llin/demo/northwind/BaseObjectsLoader'
 - super:             'java/lang/Object'
 - sub:               
 - arrays:            NULL
 - methods:           Array<T>(0x000001d2d467a508)
 - method ordering:   Array<T>(0x000001d2d467ae10)
 - default_methods:   Array<T>(0x0000000000000000)
 - local interfaces:  Array<T>(0x00000008005cf800)
 - trans. interfaces: Array<T>(0x00000008005cf800)
 - constants:         constant pool [301] {0x000001d2d467b1d0} for 'org/llin/demo/northwind/BaseObjectsLoader' cache=0x000001d2d48093c8
 - class loader data:  loader data: 0x000001d2ccd5db00 for instance a 'org/springframework/boot/devtools/restart/classloader/RestartClassLoader'{0x0000000081a375e0}
 - source file:       'BaseObjectsLoader.java'
 - source debug extension:       SMAP
BaseObjectsLoader.java
Java
*S jdt
*F
1 BaseObjectsLoader.java
2 file:/D:/Documents/eclipse-workspace/northwind-frontend/target/classes/
*L
*E

 - class annotations:       Array<T>(0x000001d2d467ade0)
 - class type annotations:  Array<T>(0x0000000000000000)
 - field annotations:       Array<T>(0x000001d2d467a420)
 - field type annotations:  Array<T>(0x0000000000000000)
 - previous version:  constant pool [301] {0x000001d2d2a54008} for 'org/llin/demo/northwind/BaseObjectsLoader' (extra) cache=0x000001d2d40c39b8
 - generic signature: '
[error occurred during error reporting (inspecting top of stack), id 0xc0000005, EXCEPTION_ACCESS_VIOLATION (0xc0000005) at pc=0x00007ffcf45fe9a6]


---------------  P R O C E S S  ---------------

Threads class SMR info:
_java_thread_list=0x000001d2cfa44dd0, length=20, elements={
0x000001d2ad6bf340, 0x000001d2cb37cd10, 0x000001d2cb37d790, 0x000001d2cb38dbc0,
0x000001d2cb38f190, 0x000001d2cb38f750, 0x000001d2cb398bc0, 0x000001d2cb3a4190,
0x000001d2cb3a4c50, 0x000001d2cb3af250, 0x000001d2cc09e4b0, 0x000001d2cc131720,
0x000001d2cc1335d0, 0x000001d2cc1361e0, 0x000001d2cc1f91c0, 0x000001d2cd909a30,
0x000001d2cd90a4d0, 0x000001d2cd66d200, 0x000001d2cd66dba0, 0x000001d2cd66e540
}

Java Threads: ( => current thread )
  0x000001d2ad6bf340 JavaThread "main" [_thread_blocked, id=18172, stack(0x0000004ecf000000,0x0000004ecf100000)]
  0x000001d2cb37cd10 JavaThread "Reference Handler" daemon [_thread_blocked, id=17532, stack(0x0000004ecf700000,0x0000004ecf800000)]
  0x000001d2cb37d790 JavaThread "Finalizer" daemon [_thread_blocked, id=15916, stack(0x0000004ecf800000,0x0000004ecf900000)]
  0x000001d2cb38dbc0 JavaThread "Signal Dispatcher" daemon [_thread_blocked, id=6052, stack(0x0000004ecf900000,0x0000004ecfa00000)]
  0x000001d2cb38f190 JavaThread "Attach Listener" daemon [_thread_blocked, id=17232, stack(0x0000004ecfa00000,0x0000004ecfb00000)]
  0x000001d2cb38f750 JavaThread "Service Thread" daemon [_thread_blocked, id=15436, stack(0x0000004ecfb00000,0x0000004ecfc00000)]
  0x000001d2cb398bc0 JavaThread "Monitor Deflation Thread" daemon [_thread_blocked, id=2912, stack(0x0000004ecfc00000,0x0000004ecfd00000)]
  0x000001d2cb3a4190 JavaThread "C2 CompilerThread0" daemon [_thread_blocked, id=6636, stack(0x0000004ecfd00000,0x0000004ecfe00000)]
  0x000001d2cb3a4c50 JavaThread "C1 CompilerThread0" daemon [_thread_blocked, id=17996, stack(0x0000004ecfe00000,0x0000004ecff00000)]
  0x000001d2cb3af250 JavaThread "Sweeper thread" daemon [_thread_blocked, id=6884, stack(0x0000004ecff00000,0x0000004ed0000000)]
  0x000001d2cc09e4b0 JavaThread "Common-Cleaner" daemon [_thread_blocked, id=12008, stack(0x0000004ed0000000,0x0000004ed0100000)]
=>0x000001d2cc131720 JavaThread "JDWP Transport Listener: dt_socket" daemon [_thread_in_vm, id=17724, stack(0x0000004ed0100000,0x0000004ed0200000)]
  0x000001d2cc1335d0 JavaThread "JDWP Event Helper Thread" daemon [_thread_blocked, id=17468, stack(0x0000004ed0200000,0x0000004ed0300000)]
  0x000001d2cc1361e0 JavaThread "JDWP Command Reader" daemon [_thread_in_native, id=10344, stack(0x0000004ed0300000,0x0000004ed0400000)]
  0x000001d2cc1f91c0 JavaThread "Notification Thread" daemon [_thread_blocked, id=4804, stack(0x0000004ed0400000,0x0000004ed0500000)]
  0x000001d2cd909a30 JavaThread "Thread-0" [_thread_blocked, id=11176, stack(0x0000004ed0c00000,0x0000004ed0d00000)]
  0x000001d2cd90a4d0 JavaThread "restartedMain" [_thread_blocked, id=10224, stack(0x0000004ed0d00000,0x0000004ed0e00000)]
  0x000001d2cd66d200 JavaThread "Catalina-utility-1" [_thread_blocked, id=11892, stack(0x0000004ed0e00000,0x0000004ed0f00000)]
  0x000001d2cd66dba0 JavaThread "Catalina-utility-2" [_thread_blocked, id=10172, stack(0x0000004ed1000000,0x0000004ed1100000)]
  0x000001d2cd66e540 JavaThread "container-0" [_thread_blocked, id=12848, stack(0x0000004ed1100000,0x0000004ed1200000)]

Other Threads:
  0x000001d2cb3750f0 VMThread "VM Thread" [stack: 0x0000004ecf600000,0x0000004ecf700000] [id=17800]
  0x000001d2ad740e50 WatcherThread [stack: 0x0000004ed0500000,0x0000004ed0600000] [id=2528]
  0x000001d2ad718d10 GCTaskThread "GC Thread#0" [stack: 0x0000004ecf100000,0x0000004ecf200000] [id=11804]
  0x000001d2ccd66160 GCTaskThread "GC Thread#1" [stack: 0x0000004ed0700000,0x0000004ed0800000] [id=17096]
  0x000001d2ccd66410 GCTaskThread "GC Thread#2" [stack: 0x0000004ed0800000,0x0000004ed0900000] [id=11920]
  0x000001d2cd513ac0 GCTaskThread "GC Thread#3" [stack: 0x0000004ed0900000,0x0000004ed0a00000] [id=12664]
  0x000001d2cd5deb00 GCTaskThread "GC Thread#4" [stack: 0x0000004ed0a00000,0x0000004ed0b00000] [id=296]
  0x000001d2ccf96770 GCTaskThread "GC Thread#5" [stack: 0x0000004ed0b00000,0x0000004ed0c00000] [id=9472]
  0x000001d2ad729a50 ConcurrentGCThread "G1 Main Marker" [stack: 0x0000004ecf200000,0x0000004ecf300000] [id=13220]
  0x000001d2ad72bc10 ConcurrentGCThread "G1 Conc#0" [stack: 0x0000004ecf300000,0x0000004ecf400000] [id=12508]
  0x000001d2cf3a0e20 ConcurrentGCThread "G1 Conc#1" [stack: 0x0000004ed0f00000,0x0000004ed1000000] [id=8884]
  0x000001d2ad78d4a0 ConcurrentGCThread "G1 Refine#0" [stack: 0x0000004ecf400000,0x0000004ecf500000] [id=10900]
  0x000001d2ad78dad0 ConcurrentGCThread "G1 Service" [stack: 0x0000004ecf500000,0x0000004ecf600000] [id=15328]

Threads with active compile tasks:

VM state: not at safepoint (normal execution)

VM Mutex/Monitor currently owned by a thread: None

Heap address: 0x0000000081400000, size: 2028 MB, Compressed Oops mode: 32-bit

CDS archive(s) mapped at: [0x0000000800000000-0x0000000800bc0000-0x0000000800bc0000), size 12320768, SharedBaseAddress: 0x0000000800000000, ArchiveRelocationMode: 0.
Compressed class space mapped at: 0x0000000800c00000-0x0000000840c00000, reserved size: 1073741824
Narrow klass base: 0x0000000800000000, Narrow klass shift: 0, Narrow klass range: 0x100000000

GC Precious Log:
 CPUs: 6 total, 6 available
 Memory: 8108M
 Large Page Support: Disabled
 NUMA Support: Disabled
 Compressed Oops: Enabled (32-bit)
 Heap Region Size: 1M
 Heap Min Capacity: 8M
 Heap Initial Capacity: 128M
 Heap Max Capacity: 2028M
 Pre-touch: Disabled
 Parallel Workers: 6
 Concurrent Workers: 2
 Concurrent Refinement Workers: 6
 Periodic GC: Disabled

Heap:
 garbage-first heap   total 75776K, used 24433K [0x0000000081400000, 0x0000000100000000)
  region size 1024K, 10 young (10240K), 6 survivors (6144K)
 Metaspace       used 36272K, committed 36608K, reserved 1089536K
  class space    used 4535K, committed 4672K, reserved 1048576K

Heap Regions: E=young(eden), S=young(survivor), O=old, HS=humongous(starts), HC=humongous(continues), CS=collection set, F=free, OA=open archive, CA=closed archive, TAMS=top-at-mark-start (previous, next)
|   0|0x0000000081400000, 0x0000000081500000, 0x0000000081500000|100%| O|  |TAMS 0x0000000081500000, 0x0000000081400000| Untracked 
|   1|0x0000000081500000, 0x0000000081600000, 0x0000000081600000|100%| O|  |TAMS 0x0000000081600000, 0x0000000081500000| Untracked 
|   2|0x0000000081600000, 0x0000000081700000, 0x0000000081700000|100%| O|  |TAMS 0x0000000081700000, 0x0000000081600000| Untracked 
|   3|0x0000000081700000, 0x0000000081800000, 0x0000000081800000|100%| O|  |TAMS 0x0000000081800000, 0x0000000081700000| Untracked 
|   4|0x0000000081800000, 0x0000000081900000, 0x0000000081900000|100%| O|  |TAMS 0x0000000081900000, 0x0000000081800000| Untracked 
|   5|0x0000000081900000, 0x0000000081a00000, 0x0000000081a00000|100%| O|  |TAMS 0x0000000081a00000, 0x0000000081900000| Untracked 
|   6|0x0000000081a00000, 0x0000000081b00000, 0x0000000081b00000|100%| O|  |TAMS 0x0000000081b00000, 0x0000000081a00000| Untracked 
|   7|0x0000000081b00000, 0x0000000081c00000, 0x0000000081c00000|100%| O|  |TAMS 0x0000000081c00000, 0x0000000081b00000| Untracked 
|   8|0x0000000081c00000, 0x0000000081d00000, 0x0000000081d00000|100%| O|  |TAMS 0x0000000081d00000, 0x0000000081c00000| Untracked 
|   9|0x0000000081d00000, 0x0000000081de6800, 0x0000000081e00000| 90%| O|  |TAMS 0x0000000081d00000, 0x0000000081d00000| Untracked 
|  10|0x0000000081e00000, 0x0000000081f00000, 0x0000000081f00000|100%| O|  |TAMS 0x0000000081f00000, 0x0000000081e00000| Untracked 
|  11|0x0000000081f00000, 0x0000000082000000, 0x0000000082000000|100%| O|  |TAMS 0x0000000082000000, 0x0000000081f00000| Untracked 
|  12|0x0000000082000000, 0x0000000082100000, 0x0000000082100000|100%| O|  |TAMS 0x0000000082100000, 0x0000000082000000| Untracked 
|  13|0x0000000082100000, 0x0000000082100000, 0x0000000082200000|  0%| F|  |TAMS 0x0000000082100000, 0x0000000082100000| Untracked 
|  14|0x0000000082200000, 0x0000000082200000, 0x0000000082300000|  0%| F|  |TAMS 0x0000000082200000, 0x0000000082200000| Untracked 
|  15|0x0000000082300000, 0x0000000082300000, 0x0000000082400000|  0%| F|  |TAMS 0x0000000082300000, 0x0000000082300000| Untracked 
|  16|0x0000000082400000, 0x0000000082400000, 0x0000000082500000|  0%| F|  |TAMS 0x0000000082400000, 0x0000000082400000| Untracked 
|  17|0x0000000082500000, 0x0000000082500000, 0x0000000082600000|  0%| F|  |TAMS 0x0000000082500000, 0x0000000082500000| Untracked 
|  18|0x0000000082600000, 0x0000000082700000, 0x0000000082700000|100%| O|  |TAMS 0x0000000082700000, 0x0000000082600000| Untracked 
|  19|0x0000000082700000, 0x0000000082800000, 0x0000000082800000|100%| O|  |TAMS 0x000000008273e800, 0x0000000082700000| Untracked 
|  20|0x0000000082800000, 0x0000000082800000, 0x0000000082900000|  0%| F|  |TAMS 0x0000000082800000, 0x0000000082800000| Untracked 
|  21|0x0000000082900000, 0x0000000082900000, 0x0000000082a00000|  0%| F|  |TAMS 0x0000000082900000, 0x0000000082900000| Untracked 
|  22|0x0000000082a00000, 0x0000000082a00000, 0x0000000082b00000|  0%| F|  |TAMS 0x0000000082a00000, 0x0000000082a00000| Untracked 
|  23|0x0000000082b00000, 0x0000000082b00000, 0x0000000082c00000|  0%| F|  |TAMS 0x0000000082b00000, 0x0000000082b00000| Untracked 
|  24|0x0000000082c00000, 0x0000000082c00000, 0x0000000082d00000|  0%| F|  |TAMS 0x0000000082c00000, 0x0000000082c00000| Untracked 
|  25|0x0000000082d00000, 0x0000000082d00000, 0x0000000082e00000|  0%| F|  |TAMS 0x0000000082d00000, 0x0000000082d00000| Untracked 
|  26|0x0000000082e00000, 0x0000000082e00000, 0x0000000082f00000|  0%| F|  |TAMS 0x0000000082e00000, 0x0000000082e00000| Untracked 
|  27|0x0000000082f00000, 0x0000000082f00000, 0x0000000083000000|  0%| F|  |TAMS 0x0000000082f00000, 0x0000000082f00000| Untracked 
|  28|0x0000000083000000, 0x0000000083000000, 0x0000000083100000|  0%| F|  |TAMS 0x0000000083000000, 0x0000000083000000| Untracked 
|  29|0x0000000083100000, 0x0000000083100000, 0x0000000083200000|  0%| F|  |TAMS 0x0000000083100000, 0x0000000083100000| Untracked 
|  30|0x0000000083200000, 0x0000000083200000, 0x0000000083300000|  0%| F|  |TAMS 0x0000000083200000, 0x0000000083200000| Untracked 
|  31|0x0000000083300000, 0x0000000083300000, 0x0000000083400000|  0%| F|  |TAMS 0x0000000083300000, 0x0000000083300000| Untracked 
|  32|0x0000000083400000, 0x0000000083400000, 0x0000000083500000|  0%| F|  |TAMS 0x0000000083400000, 0x0000000083400000| Untracked 
|  33|0x0000000083500000, 0x0000000083500000, 0x0000000083600000|  0%| F|  |TAMS 0x0000000083500000, 0x0000000083500000| Untracked 
|  34|0x0000000083600000, 0x0000000083600000, 0x0000000083700000|  0%| F|  |TAMS 0x0000000083600000, 0x0000000083600000| Untracked 
|  35|0x0000000083700000, 0x0000000083700000, 0x0000000083800000|  0%| F|  |TAMS 0x0000000083700000, 0x0000000083700000| Untracked 
|  36|0x0000000083800000, 0x0000000083800000, 0x0000000083900000|  0%| F|  |TAMS 0x0000000083800000, 0x0000000083800000| Untracked 
|  37|0x0000000083900000, 0x0000000083900000, 0x0000000083a00000|  0%| F|  |TAMS 0x0000000083900000, 0x0000000083900000| Untracked 
|  38|0x0000000083a00000, 0x0000000083a00000, 0x0000000083b00000|  0%| F|  |TAMS 0x0000000083a00000, 0x0000000083a00000| Untracked 
|  39|0x0000000083b00000, 0x0000000083b00000, 0x0000000083c00000|  0%| F|  |TAMS 0x0000000083b00000, 0x0000000083b00000| Untracked 
|  40|0x0000000083c00000, 0x0000000083c00000, 0x0000000083d00000|  0%| F|  |TAMS 0x0000000083c00000, 0x0000000083c00000| Untracked 
|  41|0x0000000083d00000, 0x0000000083d00000, 0x0000000083e00000|  0%| F|  |TAMS 0x0000000083d00000, 0x0000000083d00000| Untracked 
|  42|0x0000000083e00000, 0x0000000083e00000, 0x0000000083f00000|  0%| F|  |TAMS 0x0000000083e00000, 0x0000000083e00000| Untracked 
|  43|0x0000000083f00000, 0x0000000083f00000, 0x0000000084000000|  0%| F|  |TAMS 0x0000000083f00000, 0x0000000083f00000| Untracked 
|  44|0x0000000084000000, 0x0000000084000000, 0x0000000084100000|  0%| F|  |TAMS 0x0000000084000000, 0x0000000084000000| Untracked 
|  45|0x0000000084100000, 0x0000000084100000, 0x0000000084200000|  0%| F|  |TAMS 0x0000000084100000, 0x0000000084100000| Untracked 
|  46|0x0000000084200000, 0x0000000084200000, 0x0000000084300000|  0%| F|  |TAMS 0x0000000084200000, 0x0000000084200000| Untracked 
|  47|0x0000000084300000, 0x0000000084300000, 0x0000000084400000|  0%| F|  |TAMS 0x0000000084300000, 0x0000000084300000| Untracked 
|  48|0x0000000084400000, 0x0000000084400000, 0x0000000084500000|  0%| F|  |TAMS 0x0000000084400000, 0x0000000084400000| Untracked 
|  49|0x0000000084500000, 0x0000000084500000, 0x0000000084600000|  0%| F|  |TAMS 0x0000000084500000, 0x0000000084500000| Untracked 
|  50|0x0000000084600000, 0x0000000084600000, 0x0000000084700000|  0%| F|  |TAMS 0x0000000084600000, 0x0000000084600000| Untracked 
|  51|0x0000000084700000, 0x0000000084700000, 0x0000000084800000|  0%| F|  |TAMS 0x0000000084700000, 0x0000000084700000| Untracked 
|  52|0x0000000084800000, 0x0000000084800000, 0x0000000084900000|  0%| F|  |TAMS 0x0000000084800000, 0x0000000084800000| Untracked 
|  53|0x0000000084900000, 0x0000000084900000, 0x0000000084a00000|  0%| F|  |TAMS 0x0000000084900000, 0x0000000084900000| Untracked 
|  54|0x0000000084a00000, 0x0000000084a00000, 0x0000000084b00000|  0%| F|  |TAMS 0x0000000084a00000, 0x0000000084a00000| Untracked 
|  55|0x0000000084b00000, 0x0000000084b00000, 0x0000000084c00000|  0%| F|  |TAMS 0x0000000084b00000, 0x0000000084b00000| Untracked 
|  56|0x0000000084c00000, 0x0000000084c00000, 0x0000000084d00000|  0%| F|  |TAMS 0x0000000084c00000, 0x0000000084c00000| Untracked 
|  57|0x0000000084d00000, 0x0000000084d00000, 0x0000000084e00000|  0%| F|  |TAMS 0x0000000084d00000, 0x0000000084d00000| Untracked 
|  58|0x0000000084e00000, 0x0000000084e00000, 0x0000000084f00000|  0%| F|  |TAMS 0x0000000084e00000, 0x0000000084e00000| Untracked 
|  59|0x0000000084f00000, 0x0000000084f00000, 0x0000000085000000|  0%| F|  |TAMS 0x0000000084f00000, 0x0000000084f00000| Untracked 
|  60|0x0000000085000000, 0x0000000085000000, 0x0000000085100000|  0%| F|  |TAMS 0x0000000085000000, 0x0000000085000000| Untracked 
|  61|0x0000000085100000, 0x0000000085100000, 0x0000000085200000|  0%| F|  |TAMS 0x0000000085100000, 0x0000000085100000| Untracked 
|  62|0x0000000085200000, 0x0000000085200000, 0x0000000085300000|  0%| F|  |TAMS 0x0000000085200000, 0x0000000085200000| Untracked 
|  63|0x0000000085300000, 0x0000000085300000, 0x0000000085400000|  0%| F|  |TAMS 0x0000000085300000, 0x0000000085300000| Untracked 
|  64|0x0000000085400000, 0x0000000085480800, 0x0000000085500000| 50%| E|  |TAMS 0x0000000085400000, 0x0000000085400000| Complete 
|  65|0x0000000085500000, 0x0000000085600000, 0x0000000085600000|100%| E|CS|TAMS 0x0000000085500000, 0x0000000085500000| Complete 
|  66|0x0000000085600000, 0x0000000085700000, 0x0000000085700000|100%| E|CS|TAMS 0x0000000085600000, 0x0000000085600000| Complete 
|  70|0x0000000085a00000, 0x0000000085af5fa0, 0x0000000085b00000| 96%| S|CS|TAMS 0x0000000085a00000, 0x0000000085a00000| Complete 
|  71|0x0000000085b00000, 0x0000000085c00000, 0x0000000085c00000|100%| S|CS|TAMS 0x0000000085b00000, 0x0000000085b00000| Complete 
|  72|0x0000000085c00000, 0x0000000085d00000, 0x0000000085d00000|100%| S|CS|TAMS 0x0000000085c00000, 0x0000000085c00000| Complete 
|  73|0x0000000085d00000, 0x0000000085e00000, 0x0000000085e00000|100%| S|CS|TAMS 0x0000000085d00000, 0x0000000085d00000| Complete 
|  74|0x0000000085e00000, 0x0000000085f00000, 0x0000000085f00000|100%| S|CS|TAMS 0x0000000085e00000, 0x0000000085e00000| Complete 
|  75|0x0000000085f00000, 0x0000000086000000, 0x0000000086000000|100%| S|CS|TAMS 0x0000000085f00000, 0x0000000085f00000| Complete 
| 127|0x0000000089300000, 0x0000000089400000, 0x0000000089400000|100%| E|CS|TAMS 0x0000000089300000, 0x0000000089300000| Complete 

Card table byte_map: [0x000001d2c4440000,0x000001d2c4840000] _byte_map_base: 0x000001d2c4036000

Marking Bits (Prev, Next): (CMBitMap*) 0x000001d2ad719330, (CMBitMap*) 0x000001d2ad719370
 Prev Bits: [0x000001d2c4c40000, 0x000001d2c6bf0000)
 Next Bits: [0x000001d2c6bf0000, 0x000001d2c8ba0000)

Polling page: 0x000001d2ab580000

Metaspace:

Usage:
  Non-class:     30.99 MB used.
      Class:      4.43 MB used.
       Both:     35.42 MB used.

Virtual space:
  Non-class space:       40.00 MB reserved,      31.19 MB ( 78%) committed,  5 nodes.
      Class space:        1.00 GB reserved,       4.56 MB ( <1%) committed,  1 nodes.
             Both:        1.04 GB reserved,      35.75 MB (  3%) committed. 

Chunk freelists:
   Non-Class:  3.95 MB
       Class:  3.39 MB
        Both:  7.34 MB

MaxMetaspaceSize: unlimited
CompressedClassSpaceSize: 1.00 GB
Initial GC threshold: 21.00 MB
Current GC threshold: 59.38 MB
CDS: on
MetaspaceReclaimPolicy: balanced
 - commit_granule_bytes: 65536.
 - commit_granule_words: 8192.
 - virtual_space_node_default_size: 1048576.
 - enlarge_chunks_in_place: 1.
 - new_chunks_are_fully_committed: 0.
 - uncommit_free_chunks: 1.
 - use_allocation_guard: 0.
 - handle_deallocations: 1.


Internal statistics:

num_allocs_failed_limit: 11.
num_arena_births: 394.
num_arena_deaths: 0.
num_vsnodes_births: 6.
num_vsnodes_deaths: 0.
num_space_committed: 572.
num_space_uncommitted: 0.
num_chunks_returned_to_freelist: 11.
num_chunks_taken_from_freelist: 1652.
num_chunk_merges: 8.
num_chunk_splits: 1112.
num_chunks_enlarged: 816.
num_purges: 0.
num_inconsistent_stats: 0.

CodeHeap 'non-profiled nmethods': size=120000Kb used=2521Kb max_used=2521Kb free=117478Kb
 bounds [0x000001d2bca00000, 0x000001d2bcc80000, 0x000001d2c3f30000]
CodeHeap 'profiled nmethods': size=120000Kb used=8167Kb max_used=8167Kb free=111832Kb
 bounds [0x000001d2b54d0000, 0x000001d2b5cd0000, 0x000001d2bca00000]
CodeHeap 'non-nmethods': size=5760Kb used=1293Kb max_used=1387Kb free=4466Kb
 bounds [0x000001d2b4f30000, 0x000001d2b51a0000, 0x000001d2b54d0000]
 total_blobs=4720 nmethods=4192 adapters=440
 compilation: enabled
              stopped_count=0, restarted_count=0
 full_count=0

Compilation events (20 events):
Event: 30.800 Thread 0x000001d2cb3a4c50 4220       1       java.util.TreeMap::size (5 bytes)
Event: 30.800 Thread 0x000001d2cb3a4c50 nmethod 4220 0x000001d2bcc54010 code [0x000001d2bcc541a0, 0x000001d2bcc54278]
Event: 30.800 Thread 0x000001d2cb3a4c50 4228       3       java.lang.invoke.InvokerBytecodeGenerator::storeInsnOpcode (98 bytes)
Event: 30.800 Thread 0x000001d2cb3a4c50 nmethod 4228 0x000001d2b5cc6d10 code [0x000001d2b5cc6f80, 0x000001d2b5cc7998]
Event: 30.801 Thread 0x000001d2cb3a4c50 4231       3       javax.management.openmbean.CompositeType::getType (18 bytes)
Event: 30.801 Thread 0x000001d2cb3a4c50 nmethod 4231 0x000001d2b5cc7c90 code [0x000001d2b5cc7e60, 0x000001d2b5cc8208]
Event: 30.808 Thread 0x000001d2cb3a4c50 4234       1       java.lang.Long::longValue (5 bytes)
Event: 30.808 Thread 0x000001d2cb3a4c50 nmethod 4234 0x000001d2bcc54910 code [0x000001d2bcc54aa0, 0x000001d2bcc54b78]
Event: 30.810 Thread 0x000001d2cb3a4c50 4235       3       java.lang.invoke.LambdaFormEditor::getInCache (165 bytes)
Event: 30.811 Thread 0x000001d2cb3a4c50 nmethod 4235 0x000001d2b5cc8390 code [0x000001d2b5cc8600, 0x000001d2b5cc95b8]
Event: 30.811 Thread 0x000001d2cb3a4c50 4236       1       io.micrometer.core.instrument.Meter$Id::getName (5 bytes)
Event: 30.811 Thread 0x000001d2cb3a4c50 nmethod 4236 0x000001d2bcc54c10 code [0x000001d2bcc54da0, 0x000001d2bcc54e78]
Event: 30.817 Thread 0x000001d2cb3a4c50 4242       3       java.lang.invoke.MemberName::getFactory (4 bytes)
Event: 30.817 Thread 0x000001d2cb3a4c50 nmethod 4242 0x000001d2b5cc9a10 code [0x000001d2b5cc9ba0, 0x000001d2b5cc9c98]
Event: 30.821 Thread 0x000001d2ccc021a0 nmethod 4225 0x000001d2bcc55f10 code [0x000001d2bcc56100, 0x000001d2bcc574e8]
Event: 30.822 Thread 0x000001d2ccc021a0 4230       4       jdk.internal.org.objectweb.asm.Frame::execute (2305 bytes)
Event: 31.021 Thread 0x000001d2cb3a4190 nmethod 4213 0x000001d2bcc57b10 code [0x000001d2bcc581c0, 0x000001d2bcc62a38]
Event: 31.021 Thread 0x000001d2cb3a4190 4219       4       java.util.LinkedHashMap::afterNodeInsertion (40 bytes)
Event: 31.022 Thread 0x000001d2cb3a4190 nmethod 4219 0x000001d2bcc66290 code [0x000001d2bcc66420, 0x000001d2bcc664f8]
Event: 31.056 Thread 0x000001d2ccc021a0 nmethod 4230 0x000001d2bcc66610 code [0x000001d2bcc676a0, 0x000001d2bcc70b50]

GC Heap History (20 events):
Event: 1.017 GC heap before
{Heap before GC invocations=1 (full 0):
 garbage-first heap   total 131072K, used 30614K [0x0000000081400000, 0x0000000100000000)
  region size 1024K, 27 young (27648K), 3 survivors (3072K)
 Metaspace       used 7570K, committed 7680K, reserved 1056768K
  class space    used 793K, committed 832K, reserved 1048576K
}
Event: 1.019 GC heap after
{Heap after GC invocations=2 (full 0):
 garbage-first heap   total 131072K, used 7192K [0x0000000081400000, 0x0000000100000000)
  region size 1024K, 1 young (1024K), 1 survivors (1024K)
 Metaspace       used 7570K, committed 7680K, reserved 1056768K
  class space    used 793K, committed 832K, reserved 1048576K
}
Event: 1.471 GC heap before
{Heap before GC invocations=2 (full 0):
 garbage-first heap   total 131072K, used 77848K [0x0000000081400000, 0x0000000100000000)
  region size 1024K, 70 young (71680K), 1 survivors (1024K)
 Metaspace       used 14914K, committed 15040K, reserved 1064960K
  class space    used 1885K, committed 1920K, reserved 1048576K
}
Event: 1.474 GC heap after
{Heap after GC invocations=3 (full 0):
 garbage-first heap   total 131072K, used 9494K [0x0000000081400000, 0x0000000100000000)
  region size 1024K, 4 young (4096K), 4 survivors (4096K)
 Metaspace       used 14914K, committed 15040K, reserved 1064960K
  class space    used 1885K, committed 1920K, reserved 1048576K
}
Event: 1.760 GC heap before
{Heap before GC invocations=3 (full 0):
 garbage-first heap   total 131072K, used 82198K [0x0000000081400000, 0x0000000100000000)
  region size 1024K, 76 young (77824K), 4 survivors (4096K)
 Metaspace       used 20867K, committed 21184K, reserved 1073152K
  class space    used 2539K, committed 2688K, reserved 1048576K
}
Event: 1.764 GC heap after
{Heap after GC invocations=4 (full 0):
 garbage-first heap   total 131072K, used 13033K [0x0000000081400000, 0x0000000100000000)
  region size 1024K, 7 young (7168K), 7 survivors (7168K)
 Metaspace       used 20867K, committed 21184K, reserved 1073152K
  class space    used 2539K, committed 2688K, reserved 1048576K
}
Event: 1.780 GC heap before
{Heap before GC invocations=4 (full 0):
 garbage-first heap   total 131072K, used 19177K [0x0000000081400000, 0x0000000100000000)
  region size 1024K, 14 young (14336K), 7 survivors (7168K)
 Metaspace       used 21269K, committed 21504K, reserved 1073152K
  class space    used 2566K, committed 2688K, reserved 1048576K
}
Event: 1.784 GC heap after
{Heap after GC invocations=5 (full 0):
 garbage-first heap   total 131072K, used 13319K [0x0000000081400000, 0x0000000100000000)
  region size 1024K, 4 young (4096K), 4 survivors (4096K)
 Metaspace       used 21269K, committed 21504K, reserved 1073152K
  class space    used 2566K, committed 2688K, reserved 1048576K
}
Event: 1.908 GC heap before
{Heap before GC invocations=6 (full 0):
 garbage-first heap   total 55296K, used 45063K [0x0000000081400000, 0x0000000100000000)
  region size 1024K, 36 young (36864K), 4 survivors (4096K)
 Metaspace       used 23702K, committed 23936K, reserved 1073152K
  class space    used 2833K, committed 2944K, reserved 1048576K
}
Event: 1.911 GC heap after
{Heap after GC invocations=7 (full 0):
 garbage-first heap   total 55296K, used 13832K [0x0000000081400000, 0x0000000100000000)
  region size 1024K, 5 young (5120K), 5 survivors (5120K)
 Metaspace       used 23702K, committed 23936K, reserved 1073152K
  class space    used 2833K, committed 2944K, reserved 1048576K
}
Event: 1.914 GC heap before
{Heap before GC invocations=7 (full 0):
 garbage-first heap   total 55296K, used 14856K [0x0000000081400000, 0x0000000100000000)
  region size 1024K, 6 young (6144K), 5 survivors (5120K)
 Metaspace       used 23760K, committed 24000K, reserved 1073152K
  class space    used 2840K, committed 2944K, reserved 1048576K
}
Event: 1.917 GC heap after
{Heap after GC invocations=8 (full 0):
 garbage-first heap   total 55296K, used 14236K [0x0000000081400000, 0x0000000100000000)
  region size 1024K, 1 young (1024K), 1 survivors (1024K)
 Metaspace       used 23760K, committed 24000K, reserved 1073152K
  class space    used 2840K, committed 2944K, reserved 1048576K
}
Event: 2.038 GC heap before
{Heap before GC invocations=8 (full 0):
 garbage-first heap   total 55296K, used 40860K [0x0000000081400000, 0x0000000100000000)
  region size 1024K, 27 young (27648K), 1 survivors (1024K)
 Metaspace       used 25622K, committed 25856K, reserved 1073152K
  class space    used 3093K, committed 3200K, reserved 1048576K
}
Event: 2.040 GC heap after
{Heap after GC invocations=9 (full 0):
 garbage-first heap   total 55296K, used 14496K [0x0000000081400000, 0x0000000100000000)
  region size 1024K, 1 young (1024K), 1 survivors (1024K)
 Metaspace       used 25622K, committed 25856K, reserved 1073152K
  class space    used 3093K, committed 3200K, reserved 1048576K
}
Event: 2.275 GC heap before
{Heap before GC invocations=9 (full 0):
 garbage-first heap   total 55296K, used 42144K [0x0000000081400000, 0x0000000100000000)
  region size 1024K, 28 young (28672K), 1 survivors (1024K)
 Metaspace       used 27295K, committed 27520K, reserved 1073152K
  class space    used 3330K, committed 3456K, reserved 1048576K
}
Event: 2.278 GC heap after
{Heap after GC invocations=10 (full 0):
 garbage-first heap   total 114688K, used 15538K [0x0000000081400000, 0x0000000100000000)
  region size 1024K, 2 young (2048K), 2 survivors (2048K)
 Metaspace       used 27295K, committed 27520K, reserved 1073152K
  class space    used 3330K, committed 3456K, reserved 1048576K
}
Event: 4.434 GC heap before
{Heap before GC invocations=10 (full 0):
 garbage-first heap   total 114688K, used 82098K [0x0000000081400000, 0x0000000100000000)
  region size 1024K, 67 young (68608K), 2 survivors (2048K)
 Metaspace       used 33232K, committed 33536K, reserved 1081344K
  class space    used 4088K, committed 4224K, reserved 1048576K
}
Event: 4.437 GC heap after
{Heap after GC invocations=11 (full 0):
 garbage-first heap   total 114688K, used 19706K [0x0000000081400000, 0x0000000100000000)
  region size 1024K, 6 young (6144K), 6 survivors (6144K)
 Metaspace       used 33232K, committed 33536K, reserved 1081344K
  class space    used 4088K, committed 4224K, reserved 1048576K
}
Event: 30.789 GC heap before
{Heap before GC invocations=11 (full 0):
 garbage-first heap   total 114688K, used 54522K [0x0000000081400000, 0x0000000100000000)
  region size 1024K, 42 young (43008K), 6 survivors (6144K)
 Metaspace       used 35818K, committed 36096K, reserved 1081344K
  class space    used 4469K, committed 4608K, reserved 1048576K
}
Event: 30.793 GC heap after
{Heap after GC invocations=12 (full 0):
 garbage-first heap   total 114688K, used 21361K [0x0000000081400000, 0x0000000100000000)
  region size 1024K, 6 young (6144K), 6 survivors (6144K)
 Metaspace       used 35818K, committed 36096K, reserved 1081344K
  class space    used 4469K, committed 4608K, reserved 1048576K
}

Deoptimization events (20 events):
Event: 4.777 Thread 0x000001d2cd90a4d0 DEOPT PACKING pc=0x000001d2b598b34c sp=0x0000004ed0dfc460
Event: 4.777 Thread 0x000001d2cd90a4d0 DEOPT UNPACKING pc=0x000001d2b4f82b43 sp=0x0000004ed0dfba20 mode 1
Event: 4.777 Thread 0x000001d2cd90a4d0 DEOPT PACKING pc=0x000001d2b598cbc1 sp=0x0000004ed0dfc590
Event: 4.777 Thread 0x000001d2cd90a4d0 DEOPT UNPACKING pc=0x000001d2b4f82b43 sp=0x0000004ed0dfba68 mode 1
Event: 4.777 Thread 0x000001d2cd90a4d0 DEOPT PACKING pc=0x000001d2b59dff24 sp=0x0000004ed0dfc620
Event: 4.777 Thread 0x000001d2cd90a4d0 DEOPT UNPACKING pc=0x000001d2b4f82b43 sp=0x0000004ed0dfbbb8 mode 1
Event: 4.777 Thread 0x000001d2cd90a4d0 DEOPT PACKING pc=0x000001d2b598b34c sp=0x0000004ed0dfc770
Event: 4.777 Thread 0x000001d2cd90a4d0 DEOPT UNPACKING pc=0x000001d2b4f82b43 sp=0x0000004ed0dfbd30 mode 1
Event: 4.777 Thread 0x000001d2cd90a4d0 DEOPT PACKING pc=0x000001d2b598cbc1 sp=0x0000004ed0dfc1f0
Event: 4.778 Thread 0x000001d2cd90a4d0 DEOPT UNPACKING pc=0x000001d2b4f82b43 sp=0x0000004ed0dfb6c8 mode 1
Event: 4.778 Thread 0x000001d2cd90a4d0 DEOPT PACKING pc=0x000001d2b59dff24 sp=0x0000004ed0dfc280
Event: 4.778 Thread 0x000001d2cd90a4d0 DEOPT UNPACKING pc=0x000001d2b4f82b43 sp=0x0000004ed0dfb818 mode 1
Event: 4.778 Thread 0x000001d2cd90a4d0 DEOPT PACKING pc=0x000001d2b598b34c sp=0x0000004ed0dfc3d0
Event: 4.778 Thread 0x000001d2cd90a4d0 DEOPT UNPACKING pc=0x000001d2b4f82b43 sp=0x0000004ed0dfb990 mode 1
Event: 4.778 Thread 0x000001d2cd90a4d0 DEOPT PACKING pc=0x000001d2b598cbc1 sp=0x0000004ed0dfc160
Event: 4.778 Thread 0x000001d2cd90a4d0 DEOPT UNPACKING pc=0x000001d2b4f82b43 sp=0x0000004ed0dfb638 mode 1
Event: 4.778 Thread 0x000001d2cd90a4d0 DEOPT PACKING pc=0x000001d2b59dff24 sp=0x0000004ed0dfc1f0
Event: 4.778 Thread 0x000001d2cd90a4d0 DEOPT UNPACKING pc=0x000001d2b4f82b43 sp=0x0000004ed0dfb788 mode 1
Event: 4.778 Thread 0x000001d2cd90a4d0 DEOPT PACKING pc=0x000001d2b598b34c sp=0x0000004ed0dfc340
Event: 4.778 Thread 0x000001d2cd90a4d0 DEOPT UNPACKING pc=0x000001d2b4f82b43 sp=0x0000004ed0dfb900 mode 1

Classes unloaded (0 events):
No events

Classes redefined (1 events):
Event: 53.149 Thread 0x000001d2cb3750f0 redefined class name=org.llin.demo.northwind.BaseObjectsLoader, count=1

Internal exceptions (20 events):
Event: 4.055 Thread 0x000001d2cd90a4d0 Exception <a 'java/lang/NoSuchMethodError'{0x00000000866f6e08}: 'void java.lang.invoke.DirectMethodHandle$Holder.invokeStatic(java.lang.Object, int, java.lang.Object)'> (0x00000000866f6e08) 
thrown [t:\workspace\open\src\hotspot\share\interpreter\linkResolver.cpp, line 766]
Event: 4.057 Thread 0x000001d2cd90a4d0 Exception <a 'java/lang/NoSuchMethodError'{0x00000000865265d0}: 'int java.lang.invoke.DirectMethodHandle$Holder.invokeSpecial(java.lang.Object, java.lang.Object, int)'> (0x00000000865265d0) 
thrown [t:\workspace\open\src\hotspot\share\interpreter\linkResolver.cpp, line 766]
Event: 4.113 Thread 0x000001d2cd90a4d0 Exception <a 'java/lang/NoSuchMethodError'{0x000000008602e6b0}: 'java.lang.Object java.lang.invoke.DirectMethodHandle$Holder.invokeStaticInit(java.lang.Object, int, int, int, int)'> (0x000000008602e6b0) 
thrown [t:\workspace\open\src\hotspot\share\interpreter\linkResolver.cpp, line 766]
Event: 4.158 Thread 0x000001d2cd90a4d0 Exception <a 'java/lang/NoSuchMethodError'{0x00000000860af420}: 'java.lang.Object java.lang.invoke.DirectMethodHandle$Holder.invokeStaticInit(java.lang.Object, java.lang.Object, int, int, int, int)'> (0x00000000860af420) 
thrown [t:\workspace\open\src\hotspot\share\interpreter\linkResolver.cpp, line 766]
Event: 4.304 Thread 0x000001d2cd90a4d0 Exception <a 'sun/nio/fs/WindowsException'{0x00000000848d9058}> (0x00000000848d9058) 
thrown [t:\workspace\open\src\hotspot\share\prims\jni.cpp, line 516]
Event: 4.305 Thread 0x000001d2cd90a4d0 Exception <a 'sun/nio/fs/WindowsException'{0x00000000848dec80}> (0x00000000848dec80) 
thrown [t:\workspace\open\src\hotspot\share\prims\jni.cpp, line 516]
Event: 4.305 Thread 0x000001d2cd90a4d0 Exception <a 'sun/nio/fs/WindowsException'{0x00000000848df358}> (0x00000000848df358) 
thrown [t:\workspace\open\src\hotspot\share\prims\jni.cpp, line 516]
Event: 4.536 Thread 0x000001d2cd90a4d0 Exception <a 'java/io/FileNotFoundException'{0x0000000088a5e028}> (0x0000000088a5e028) 
thrown [t:\workspace\open\src\hotspot\share\prims\jni.cpp, line 516]
Event: 4.559 Thread 0x000001d2cd90a4d0 Exception <a 'java/lang/NoSuchMethodError'{0x0000000087d7ca30}: 'int java.lang.invoke.DirectMethodHandle$Holder.invokeInterface(java.lang.Object, java.lang.Object, java.lang.Object, java.lang.Object)'> (0x0000000087d7ca30) 
thrown [t:\workspace\open\src\hotspot\share\interpreter\linkResolver.cpp, line 766]
Event: 4.581 Thread 0x000001d2cd90a4d0 Exception <a 'java/lang/NoSuchMethodError'{0x0000000087a16d30}: 'java.lang.Object java.lang.invoke.DirectMethodHandle$Holder.invokeStaticInit(java.lang.Object, java.lang.Object, java.lang.Object, java.lang.Object)'> (0x0000000087a16d30) 
thrown [t:\workspace\open\src\hotspot\share\interpreter\linkResolver.cpp, line 766]
Event: 4.582 Thread 0x000001d2cd90a4d0 Exception <a 'java/lang/IncompatibleClassChangeError'{0x0000000087a3f458}: Found class java.lang.Object, but interface was expected> (0x0000000087a3f458) 
thrown [t:\workspace\open\src\hotspot\share\interpreter\linkResolver.cpp, line 833]
Event: 4.583 Thread 0x000001d2cd90a4d0 Exception <a 'java/lang/IncompatibleClassChangeError'{0x0000000087a59b28}: Found class java.lang.Object, but interface was expected> (0x0000000087a59b28) 
thrown [t:\workspace\open\src\hotspot\share\interpreter\linkResolver.cpp, line 833]
Event: 4.586 Thread 0x000001d2cd90a4d0 Exception <a 'java/lang/IncompatibleClassChangeError'{0x0000000087aa56f8}: Found class java.lang.Object, but interface was expected> (0x0000000087aa56f8) 
thrown [t:\workspace\open\src\hotspot\share\interpreter\linkResolver.cpp, line 833]
Event: 4.626 Thread 0x000001d2cd90a4d0 Exception <a 'java/lang/NoSuchMethodError'{0x00000000877afaf0}: 'double java.lang.invoke.DirectMethodHandle$Holder.invokeStatic(java.lang.Object, java.lang.Object)'> (0x00000000877afaf0) 
thrown [t:\workspace\open\src\hotspot\share\interpreter\linkResolver.cpp, line 766]
Event: 4.628 Thread 0x000001d2cd90a4d0 Exception <a 'java/lang/NoSuchMethodError'{0x00000000877c1c20}: 'void java.lang.invoke.DirectMethodHandle$Holder.invokeStatic(java.lang.Object, java.lang.Object, double)'> (0x00000000877c1c20) 
thrown [t:\workspace\open\src\hotspot\share\interpreter\linkResolver.cpp, line 766]
Event: 4.629 Thread 0x000001d2cd90a4d0 Exception <a 'java/lang/NoSuchMethodError'{0x00000000877d0288}: 'long java.lang.invoke.DirectMethodHandle$Holder.invokeVirtual(java.lang.Object, java.lang.Object)'> (0x00000000877d0288) 
thrown [t:\workspace\open\src\hotspot\share\interpreter\linkResolver.cpp, line 766]
Event: 4.639 Thread 0x000001d2cd90a4d0 Exception <a 'java/lang/NoSuchMethodError'{0x0000000087682b70}: 'double java.lang.invoke.DirectMethodHandle$Holder.invokeStatic(java.lang.Object, java.lang.Object, java.lang.Object)'> (0x0000000087682b70) 
thrown [t:\workspace\open\src\hotspot\share\interpreter\linkResolver.cpp, line 766]
Event: 4.742 Thread 0x000001d2cd90a4d0 Exception <a 'java/io/FileNotFoundException'{0x000000008687b288}> (0x000000008687b288) 
thrown [t:\workspace\open\src\hotspot\share\prims\jni.cpp, line 516]
Event: 30.801 Thread 0x000001d2cc1f91c0 Exception <a 'java/lang/NoSuchMethodError'{0x0000000089353f20}: 'long java.lang.invoke.DirectMethodHandle$Holder.invokeStatic(java.lang.Object, java.lang.Object, java.lang.Object)'> (0x0000000089353f20) 
thrown [t:\workspace\open\src\hotspot\share\interpreter\linkResolver.cpp, line 766]
Event: 30.817 Thread 0x000001d2cc1f91c0 Exception <a 'java/lang/NoSuchMethodError'{0x000000008550c360}: 'java.lang.Object java.lang.invoke.DirectMethodHandle$Holder.invokeSpecial(java.lang.Object, java.lang.Object, double, java.lang.Object)'> (0x000000008550c360) 
thrown [t:\workspace\open\src\hotspot\share\interpreter\linkResolver.cpp, line 766]

VM Operations (20 events):
Event: 31.150 Executing VM operation: get/set locals
Event: 31.150 Executing VM operation: get/set locals done
Event: 31.150 Executing VM operation: get/set locals
Event: 31.150 Executing VM operation: get/set locals done
Event: 31.151 Executing VM operation: get/set locals
Event: 31.151 Executing VM operation: get/set locals done
Event: 31.151 Executing VM operation: get/set locals
Event: 31.151 Executing VM operation: get/set locals done
Event: 31.151 Executing VM operation: get/set locals
Event: 31.151 Executing VM operation: get/set locals done
Event: 31.152 Executing VM operation: get/set locals
Event: 31.152 Executing VM operation: get/set locals done
Event: 31.152 Executing VM operation: get/set locals
Event: 31.152 Executing VM operation: get/set locals done
Event: 31.152 Executing VM operation: get/set locals
Event: 31.152 Executing VM operation: get/set locals done
Event: 53.144 Executing VM operation: RedefineClasses
Event: 53.159 Executing VM operation: RedefineClasses done
Event: 53.169 Executing VM operation: ChangeBreakpoints
Event: 53.170 Executing VM operation: ChangeBreakpoints done

Events (20 events):
Event: 30.802 loading class java/util/stream/LongStream
Event: 30.802 loading class java/util/stream/LongStream done
Event: 30.803 loading class java/util/stream/LongPipeline done
Event: 30.803 loading class java/util/stream/LongPipeline$StatelessOp done
Event: 30.803 loading class java/util/stream/ReferencePipeline$5 done
Event: 30.803 loading class java/util/function/LongBinaryOperator
Event: 30.803 loading class java/util/function/LongBinaryOperator done
Event: 30.803 loading class java/util/stream/ReduceOps$10
Event: 30.803 loading class java/util/stream/ReduceOps$10 done
Event: 30.803 loading class java/util/stream/ReduceOps$8ReducingSink
Event: 30.803 loading class java/util/stream/Sink$OfLong
Event: 30.803 loading class java/util/stream/Sink$OfLong done
Event: 30.803 loading class java/util/stream/ReduceOps$8ReducingSink done
Event: 30.808 loading class java/util/stream/ReferencePipeline$5$1
Event: 30.808 loading class java/util/stream/ReferencePipeline$5$1 done
Event: 30.816 loading class java/util/function/DoubleSupplier
Event: 30.816 loading class java/util/function/DoubleSupplier done
Event: 30.816 loading class java/util/function/LongSupplier
Event: 30.816 loading class java/util/function/LongSupplier done
Event: 36.065 Thread 0x000001d2ccc021a0 Thread exited: 0x000001d2ccc021a0


Dynamic libraries:
0x00007ff65f130000 - 0x00007ff65f140000 	D:\java\jdk-17.0.3.1\bin\javaw.exe
0x00007ffd54bd0000 - 0x00007ffd54dc8000 	C:\WINDOWS\SYSTEM32\ntdll.dll
0x00007ffd533c0000 - 0x00007ffd5347d000 	C:\WINDOWS\System32\KERNEL32.DLL
0x00007ffd52710000 - 0x00007ffd529e2000 	C:\WINDOWS\System32\KERNELBASE.dll
0x00007ffd529f0000 - 0x00007ffd52af0000 	C:\WINDOWS\System32\ucrtbase.dll
0x00007ffd3f310000 - 0x00007ffd3f328000 	D:\java\jdk-17.0.3.1\bin\jli.dll
0x00007ffd3f2f0000 - 0x00007ffd3f30a000 	D:\java\jdk-17.0.3.1\bin\VCRUNTIME140.dll
0x00007ffd53160000 - 0x00007ffd5320e000 	C:\WINDOWS\System32\ADVAPI32.dll
0x00007ffd53530000 - 0x00007ffd535ce000 	C:\WINDOWS\System32\msvcrt.dll
0x00007ffd53980000 - 0x00007ffd53a1c000 	C:\WINDOWS\System32\sechost.dll
0x00007ffd53ba0000 - 0x00007ffd53cc5000 	C:\WINDOWS\System32\RPCRT4.dll
0x00007ffd54990000 - 0x00007ffd54b2d000 	C:\WINDOWS\System32\USER32.dll
0x00007ffd52560000 - 0x00007ffd52582000 	C:\WINDOWS\System32\win32u.dll
0x00007ffd54210000 - 0x00007ffd5423b000 	C:\WINDOWS\System32\GDI32.dll
0x00007ffd52af0000 - 0x00007ffd52bff000 	C:\WINDOWS\System32\gdi32full.dll
0x00007ffd525e0000 - 0x00007ffd5267d000 	C:\WINDOWS\System32\msvcp_win.dll
0x00007ffd4bbd0000 - 0x00007ffd4bbda000 	C:\WINDOWS\SYSTEM32\VERSION.dll
0x00007ffd41290000 - 0x00007ffd4152a000 	C:\WINDOWS\WinSxS\amd64_microsoft.windows.common-controls_6595b64144ccf1df_6.0.19041.1110_none_60b5254171f9507e\COMCTL32.dll
0x00007ffd536f0000 - 0x00007ffd53720000 	C:\WINDOWS\System32\IMM32.DLL
0x00007ffd41040000 - 0x00007ffd4104c000 	D:\java\jdk-17.0.3.1\bin\vcruntime140_1.dll
0x00007ffd28590000 - 0x00007ffd2861d000 	D:\java\jdk-17.0.3.1\bin\msvcp140.dll
0x00007ffcf3ec0000 - 0x00007ffcf4a80000 	D:\java\jdk-17.0.3.1\bin\server\jvm.dll
0x00007ffd54200000 - 0x00007ffd54208000 	C:\WINDOWS\System32\PSAPI.DLL
0x00007ffd4fbd0000 - 0x00007ffd4fbd9000 	C:\WINDOWS\SYSTEM32\WSOCK32.dll
0x00007ffd466d0000 - 0x00007ffd466f7000 	C:\WINDOWS\SYSTEM32\WINMM.dll
0x00007ffd53720000 - 0x00007ffd5378b000 	C:\WINDOWS\System32\WS2_32.dll
0x00007ffd500e0000 - 0x00007ffd500f2000 	C:\WINDOWS\SYSTEM32\kernel.appcore.dll
0x00007ffd4fbc0000 - 0x00007ffd4fbca000 	D:\java\jdk-17.0.3.1\bin\jimage.dll
0x00007ffd432b0000 - 0x00007ffd43494000 	C:\WINDOWS\SYSTEM32\DBGHELP.DLL
0x00007ffd3f330000 - 0x00007ffd3f35c000 	C:\WINDOWS\SYSTEM32\dbgcore.DLL
0x00007ffd52680000 - 0x00007ffd52702000 	C:\WINDOWS\System32\bcryptPrimitives.dll
0x00007ffd3f200000 - 0x00007ffd3f23b000 	D:\java\jdk-17.0.3.1\bin\jdwp.dll
0x00007ffd3f800000 - 0x00007ffd3f80e000 	D:\java\jdk-17.0.3.1\bin\instrument.dll
0x00007ffd4fb20000 - 0x00007ffd4fb45000 	D:\java\jdk-17.0.3.1\bin\java.dll
0x00007ffd35350000 - 0x00007ffd35426000 	D:\java\jdk-17.0.3.1\bin\jsvml.dll
0x00007ffd54240000 - 0x00007ffd54983000 	C:\WINDOWS\System32\SHELL32.dll
0x00007ffd503c0000 - 0x00007ffd50b51000 	C:\WINDOWS\SYSTEM32\windows.storage.dll
0x00007ffd53ea0000 - 0x00007ffd541f4000 	C:\WINDOWS\System32\combase.dll
0x00007ffd51c60000 - 0x00007ffd51c90000 	C:\WINDOWS\SYSTEM32\Wldp.dll
0x00007ffd53480000 - 0x00007ffd5352d000 	C:\WINDOWS\System32\SHCORE.dll
0x00007ffd535d0000 - 0x00007ffd53625000 	C:\WINDOWS\System32\shlwapi.dll
0x00007ffd52220000 - 0x00007ffd5223f000 	C:\WINDOWS\SYSTEM32\profapi.dll
0x00007ffd3c810000 - 0x00007ffd3c81c000 	D:\java\jdk-17.0.3.1\bin\dt_socket.dll
0x00007ffd516b0000 - 0x00007ffd516eb000 	C:\WINDOWS\SYSTEM32\IPHLPAPI.DLL
0x00007ffd519c0000 - 0x00007ffd51a2a000 	C:\WINDOWS\system32\mswsock.dll
0x00007ffd516f0000 - 0x00007ffd517ba000 	C:\WINDOWS\SYSTEM32\DNSAPI.dll
0x00007ffd53e00000 - 0x00007ffd53e08000 	C:\WINDOWS\System32\NSI.dll
0x00007ffd4c530000 - 0x00007ffd4c53a000 	C:\Windows\System32\rasadhlp.dll
0x00007ffd4a380000 - 0x00007ffd4a400000 	C:\WINDOWS\System32\fwpuclnt.dll
0x00007ffd52c00000 - 0x00007ffd52c27000 	C:\WINDOWS\System32\bcrypt.dll
0x00007ffd41020000 - 0x00007ffd41038000 	D:\java\jdk-17.0.3.1\bin\zip.dll
0x00007ffd4ddf0000 - 0x00007ffd4de09000 	D:\java\jdk-17.0.3.1\bin\net.dll
0x00007ffd4aeb0000 - 0x00007ffd4afbd000 	C:\WINDOWS\SYSTEM32\WINHTTP.dll
0x00007ffd4cd60000 - 0x00007ffd4cd76000 	D:\java\jdk-17.0.3.1\bin\nio.dll
0x00007ffd4dde0000 - 0x00007ffd4ddf0000 	D:\java\jdk-17.0.3.1\bin\verify.dll
0x00007ffd3f620000 - 0x00007ffd3f629000 	D:\java\jdk-17.0.3.1\bin\management.dll
0x00007ffd3f270000 - 0x00007ffd3f27b000 	D:\java\jdk-17.0.3.1\bin\management_ext.dll
0x00007ffd3d5b0000 - 0x00007ffd3d5c7000 	C:\WINDOWS\system32\napinsp.dll
0x00007ffd3d570000 - 0x00007ffd3d58b000 	C:\WINDOWS\system32\pnrpnsp.dll
0x00007ffd4cbb0000 - 0x00007ffd4cbc5000 	C:\WINDOWS\system32\wshbth.dll
0x00007ffd4dc70000 - 0x00007ffd4dc8d000 	C:\WINDOWS\system32\NLAapi.dll
0x00007ffd3c4e0000 - 0x00007ffd3c4f2000 	C:\WINDOWS\System32\winrnr.dll
0x00007ffd51bb0000 - 0x00007ffd51bc8000 	C:\WINDOWS\SYSTEM32\CRYPTSP.dll
0x00007ffd512e0000 - 0x00007ffd51314000 	C:\WINDOWS\system32\rsaenh.dll
0x00007ffd521a0000 - 0x00007ffd521ce000 	C:\WINDOWS\SYSTEM32\USERENV.dll
0x00007ffd51bd0000 - 0x00007ffd51bdc000 	C:\WINDOWS\SYSTEM32\CRYPTBASE.dll
0x00007ffd4c590000 - 0x00007ffd4c5a7000 	C:\WINDOWS\SYSTEM32\dhcpcsvc6.DLL
0x00007ffd4c570000 - 0x00007ffd4c58d000 	C:\WINDOWS\SYSTEM32\dhcpcsvc.DLL
0x00007ffd4cd50000 - 0x00007ffd4cd5e000 	D:\java\jdk-17.0.3.1\bin\sunmscapi.dll
0x00007ffd52400000 - 0x00007ffd52556000 	C:\WINDOWS\System32\CRYPT32.dll
0x00007ffd51d40000 - 0x00007ffd51d67000 	C:\WINDOWS\SYSTEM32\ncrypt.dll
0x00007ffd51c90000 - 0x00007ffd51ccb000 	C:\WINDOWS\SYSTEM32\NTASN1.dll

dbghelp: loaded successfully - version: 4.0.5 - missing functions: none
symbol engine: initialized successfully - sym options: 0x614 - pdb path: .;D:\java\jdk-17.0.3.1\bin;C:\WINDOWS\SYSTEM32;C:\WINDOWS\WinSxS\amd64_microsoft.windows.common-controls_6595b64144ccf1df_6.0.19041.1110_none_60b5254171f9507e;D:\java\jdk-17.0.3.1\bin\server

VM Arguments:
jvm_args: -XX:+ShowCodeDetailsInExceptionMessages -agentlib:jdwp=transport=dt_socket,suspend=y,address=localhost:62767 -javaagent:D:\Users\llin0\eclipse\jee-2021-12\eclipse\configuration\org.eclipse.osgi\421\0\.cp\lib\javaagent-shaded.jar -Dfile.encoding=UTF-8 
java_command: org.llin.demo.northwind.NorthwindApplication
java_class_path (initial): D:\Documents\eclipse-workspace\northwind-frontend\target\classes;C:\Users\llin0\.m2\repository\org\springframework\boot\spring-boot-starter-actuator\2.6.7\spring-boot-starter-actuator-2.6.7.jar;C:\Users\llin0\.m2\repository\org\springframework\boot\spring-boot-starter\2.6.7\spring-boot-starter-2.6.7.jar;C:\Users\llin0\.m2\repository\org\springframework\boot\spring-boot-starter-logging\2.6.7\spring-boot-starter-logging-2.6.7.jar;C:\Users\llin0\.m2\repository\ch\qos\logback\logback-classic\1.2.11\logback-classic-1.2.11.jar;C:\Users\llin0\.m2\repository\ch\qos\logback\logback-core\1.2.11\logback-core-1.2.11.jar;C:\Users\llin0\.m2\repository\org\apache\logging\log4j\log4j-to-slf4j\2.17.2\log4j-to-slf4j-2.17.2.jar;C:\Users\llin0\.m2\repository\org\apache\logging\log4j\log4j-api\2.17.2\log4j-api-2.17.2.jar;C:\Users\llin0\.m2\repository\org\slf4j\jul-to-slf4j\1.7.36\jul-to-slf4j-1.7.36.jar;C:\Users\llin0\.m2\repository\org\yaml\snakeyaml\1.29\snakeyaml-1.29.jar;C:\Users\llin0\.m2\repository\org\springframework\boot\spring-boot-actuator-autoconfigure\2.6.7\spring-boot-actuator-autoconfigure-2.6.7.jar;C:\Users\llin0\.m2\repository\org\springframework\boot\spring-boot-actuator\2.6.7\spring-boot-actuator-2.6.7.jar;C:\Users\llin0\.m2\repository\io\micrometer\micrometer-core\1.8.5\micrometer-core-1.8.5.jar;C:\Users\llin0\.m2\repository\org\hdrhistogram\HdrHistogram\2.1.12\HdrHistogram-2.1.12.jar;C:\Users\llin0\.m2\repository\org\latencyutils\LatencyUtils\2.0.3\LatencyUtils-2.0.3.jar;C:\Users\llin0\.m2\repository\org\springframework\boot\spring-boot-starter-oauth2-client\2.6.7\spring-boot-starter-oauth2-client-2.6.7.jar;C:\Users\llin0\.m2\repository\org\springframework\security\spring-security-config\5.6.3\spring-security-config-5.6.3.jar;C:\Users\llin0\.m2\repository\org\springframework\spring-beans\5.3.19\spring-beans-5.3.19.jar;C:\Users\llin0\.m2\repository\org\springframework\spring-context\5.3.19\spring-context-5.3.19.jar;C:\Users\llin0\.m2\repos
Launcher Type: SUN_STANDARD

[Global flags]
     intx CICompilerCount                          = 3                                         {product} {ergonomic}
     uint ConcGCThreads                            = 2                                         {product} {ergonomic}
     uint G1ConcRefinementThreads                  = 6                                         {product} {ergonomic}
   size_t G1HeapRegionSize                         = 1048576                                   {product} {ergonomic}
    uintx GCDrainStackTargetSize                   = 64                                        {product} {ergonomic}
   size_t InitialHeapSize                          = 134217728                                 {product} {ergonomic}
   size_t MarkStackSize                            = 4194304                                   {product} {ergonomic}
   size_t MaxHeapSize                              = 2126512128                                {product} {ergonomic}
   size_t MaxNewSize                               = 1275068416                                {product} {ergonomic}
   size_t MinHeapDeltaBytes                        = 1048576                                   {product} {ergonomic}
   size_t MinHeapSize                              = 8388608                                   {product} {ergonomic}
    uintx NonNMethodCodeHeapSize                   = 5832780                                {pd product} {ergonomic}
    uintx NonProfiledCodeHeapSize                  = 122912730                              {pd product} {ergonomic}
    uintx ProfiledCodeHeapSize                     = 122912730                              {pd product} {ergonomic}
    uintx ReservedCodeCacheSize                    = 251658240                              {pd product} {ergonomic}
     bool SegmentedCodeCache                       = true                                      {product} {ergonomic}
     bool ShowCodeDetailsInExceptionMessages       = true                                   {manageable} {command line}
   size_t SoftMaxHeapSize                          = 2126512128                             {manageable} {ergonomic}
     bool UseCompressedClassPointers               = true                           {product lp64_product} {ergonomic}
     bool UseCompressedOops                        = true                           {product lp64_product} {ergonomic}
     bool UseG1GC                                  = true                                      {product} {ergonomic}
     bool UseLargePagesIndividualAllocation        = false                                  {pd product} {ergonomic}

Logging:
Log output configuration:
 #0: stdout all=warning uptime,level,tags
 #1: stderr all=off uptime,level,tags

Environment Variables:
JAVA_HOME=D:\java\jdk-17.0.3.1
PATH=D:/java/jdk-17.0.3.1/bin/server;D:/java/jdk-17.0.3.1/bin;C:\Program Files\Common Files\Oracle\Java\javapath;C:\Program Files (x86)\Common Files\Oracle\Java\javapath;C:\Windows\system32;C:\Windows;C:\Windows\System32\Wbem;C:\Windows\System32\WindowsPowerShell\v1.0\;C:\Windows\System32\OpenSSH\;C:\Program Files (x86)\Intel\Intel(R) Management Engine Components\DAL;C:\Program Files\Intel\Intel(R) Management Engine Components\DAL;C:\Program Files\NVIDIA Corporation\NVIDIA NvDLISR;C:\java\jdk-16.0.2\bin;C:\java\gradle\gradle-6.3\bin;C:\Program Files\Apache Software Foundation\apache-maven-3.6.3\bin;C:\WINDOWS\system32;C:\WINDOWS;C:\WINDOWS\System32\Wbem;C:\WINDOWS\System32\WindowsPowerShell\v1.0\;C:\WINDOWS\System32\OpenSSH\;C:\Program Files (x86)\NVIDIA Corporation\PhysX\Common;C:\Program Files\nodejs\;D:\Program Files\Git\cmd;D:\Program Files\Amazon\AWSCLIV2\;C:\Program Files\MySQL\MySQL Shell 8.0\bin\;C:\Users\llin0\AppData\Local\Programs\Python\Python310\Scripts\;C:\Users\llin0\AppData\Local\Programs\Python\Python310\;C:\Users\llin0\.local\share\solana\install\active_release\bin;C:\Users\llin0\AppData\Local\Microsoft\WindowsApps;C:\Program Files\JetBrains\IntelliJ IDEA Community Edition 2019.3.2\bin;C:\Users\llin0\AppData\Local\Programs\Microsoft VS Code\bin;C:\Users\llin0\AppData\Local\Google\Cloud SDK\google-cloud-sdk\bin;C:\Users\llin0\AppData\Roaming\npm;C:\Users\llin0\AppData\Local\gitkraken\bin;C:\Users\llin0\Desktop;
USERNAME=llin0
OS=Windows_NT
PROCESSOR_IDENTIFIER=Intel64 Family 6 Model 158 Stepping 10, GenuineIntel



---------------  S Y S T E M  ---------------

OS:
 Windows 10 , 64 bit Build 19041 (10.0.19041.1889)
OS uptime: 0 days 4:06 hours

CPU: total 6 (initial active 6) (6 cores per cpu, 1 threads per core) family 6 model 158 stepping 10 microcode 0xca, cx8, cmov, fxsr, mmx, 3dnowpref, sse, sse2, sse3, ssse3, sse4.1, sse4.2, popcnt, lzcnt, tsc, tscinvbit, avx, avx2, aes, erms, clmul, bmi1, bmi2, adx, fma, vzeroupper, clflush, clflushopt

Memory: 4k page, system-wide physical 8108M (1979M free)
TotalPageFile size 16044M (AvailPageFile size 6418M)
current process WorkingSet (physical memory assigned to process): 187M, peak: 278M
current process commit charge ("private bytes"): 227M, peak: 316M

vm_info: Java HotSpot(TM) 64-Bit Server VM (17.0.3.1+2-LTS-6) for windows-amd64 JRE (17.0.3.1+2-LTS-6), built on Apr 25 2022 22:04:21 by "mach5one" with MS VC++ 16.8 / 16.9 (VS2019)

END.
